Drill report for D:/Repositorios/PonchoDeBiopotenciales/Hardware/PonchoBiopotenciales.kicad_pcb
Created on 21/01/2018 10:21:52

Copper Layer Stackup:
    =============================================================
    L1 :  F.Cu                      front
    L2 :  B.Cu                      back


Drill file 'D:PonchoBiopotenciales.drl' contains
    plated through holes:
    =============================================================
    T1  0,20mm  0,008"  (1 hole)
    T2  0,30mm  0,012"  (3 holes)
    T3  0,50mm  0,020"  (191 holes)
    T4  1,02mm  0,040"  (76 holes)
    T5  3,05mm  0,120"  (4 holes)

    Total plated holes count 275


Drill file 'D:PonchoBiopotenciales-NPTH.drl' contains
    unplated through holes:
    =============================================================
    T1  2,00mm  0,079"  (2 holes)  (with 2 slots)

    Total unplated holes count 2
